<?xml version="1.0" encoding="UTF-8" ?>
<testsuite errors="1" failures="0" hostname="MTZNOTFS055610" name="ValoresTest" skipped="0" tests="1" time="0.0" timestamp="2022-11-05T19:09:19">
  <properties>
    <property name="ant.library.dir" value="C:\Program Files\JetBrains\IntelliJ IDEA 2022.2.3\lib\ant\lib" />
    <property name="ant.file.type" value="file" />
    <property name="java.specification.version" value="19" />
    <property name="ant.project.name" value="Sample Project" />
    <property name="sun.cpu.isalist" value="amd64" />
    <property name="sun.jnu.encoding" value="Cp1252" />
    <property name="java.class.path" value="C:\Users\matheus.medeiros\.jdks\openjdk-19!\java.base;C:\Users\matheus.medeiros\.jdks\openjdk-19!\java.compiler;C:\Users\matheus.medeiros\.jdks\openjdk-19!\java.datatransfer;C:\Users\matheus.medeiros\.jdks\openjdk-19!\java.desktop;C:\Users\matheus.medeiros\.jdks\openjdk-19!\java.instrument;C:\Users\matheus.medeiros\.jdks\openjdk-19!\java.logging;C:\Users\matheus.medeiros\.jdks\openjdk-19!\java.management;C:\Users\matheus.medeiros\.jdks\openjdk-19!\java.management.rmi;C:\Users\matheus.medeiros\.jdks\openjdk-19!\java.naming;C:\Users\matheus.medeiros\.jdks\openjdk-19!\java.net.http;C:\Users\matheus.medeiros\.jdks\openjdk-19!\java.prefs;C:\Users\matheus.medeiros\.jdks\openjdk-19!\java.rmi;C:\Users\matheus.medeiros\.jdks\openjdk-19!\java.scripting;C:\Users\matheus.medeiros\.jdks\openjdk-19!\java.se;C:\Users\matheus.medeiros\.jdks\openjdk-19!\java.security.jgss;C:\Users\matheus.medeiros\.jdks\openjdk-19!\java.security.sasl;C:\Users\matheus.medeiros\.jdks\openjdk-19!\java.smartcardio;C:\Users\matheus.medeiros\.jdks\openjdk-19!\java.sql;C:\Users\matheus.medeiros\.jdks\openjdk-19!\java.sql.rowset;C:\Users\matheus.medeiros\.jdks\openjdk-19!\java.transaction.xa;C:\Users\matheus.medeiros\.jdks\openjdk-19!\java.xml;C:\Users\matheus.medeiros\.jdks\openjdk-19!\java.xml.crypto;C:\Users\matheus.medeiros\.jdks\openjdk-19!\jdk.accessibility;C:\Users\matheus.medeiros\.jdks\openjdk-19!\jdk.attach;C:\Users\matheus.medeiros\.jdks\openjdk-19!\jdk.charsets;C:\Users\matheus.medeiros\.jdks\openjdk-19!\jdk.compiler;C:\Users\matheus.medeiros\.jdks\openjdk-19!\jdk.crypto.cryptoki;C:\Users\matheus.medeiros\.jdks\openjdk-19!\jdk.crypto.ec;C:\Users\matheus.medeiros\.jdks\openjdk-19!\jdk.crypto.mscapi;C:\Users\matheus.medeiros\.jdks\openjdk-19!\jdk.dynalink;C:\Users\matheus.medeiros\.jdks\openjdk-19!\jdk.editpad;C:\Users\matheus.medeiros\.jdks\openjdk-19!\jdk.hotspot.agent;C:\Users\matheus.medeiros\.jdks\openjdk-19!\jdk.httpserver;C:\Users\matheus.medeiros\.jdks\openjdk-19!\jdk.incubator.concurrent;C:\Users\matheus.medeiros\.jdks\openjdk-19!\jdk.incubator.vector;C:\Users\matheus.medeiros\.jdks\openjdk-19!\jdk.internal.ed;C:\Users\matheus.medeiros\.jdks\openjdk-19!\jdk.internal.jvmstat;C:\Users\matheus.medeiros\.jdks\openjdk-19!\jdk.internal.le;C:\Users\matheus.medeiros\.jdks\openjdk-19!\jdk.internal.opt;C:\Users\matheus.medeiros\.jdks\openjdk-19!\jdk.internal.vm.ci;C:\Users\matheus.medeiros\.jdks\openjdk-19!\jdk.internal.vm.compiler;C:\Users\matheus.medeiros\.jdks\openjdk-19!\jdk.internal.vm.compiler.management;C:\Users\matheus.medeiros\.jdks\openjdk-19!\jdk.jartool;C:\Users\matheus.medeiros\.jdks\openjdk-19!\jdk.javadoc;C:\Users\matheus.medeiros\.jdks\openjdk-19!\jdk.jcmd;C:\Users\matheus.medeiros\.jdks\openjdk-19!\jdk.jconsole;C:\Users\matheus.medeiros\.jdks\openjdk-19!\jdk.jdeps;C:\Users\matheus.medeiros\.jdks\openjdk-19!\jdk.jdi;C:\Users\matheus.medeiros\.jdks\openjdk-19!\jdk.jdwp.agent;C:\Users\matheus.medeiros\.jdks\openjdk-19!\jdk.jfr;C:\Users\matheus.medeiros\.jdks\openjdk-19!\jdk.jlink;C:\Users\matheus.medeiros\.jdks\openjdk-19!\jdk.jpackage;C:\Users\matheus.medeiros\.jdks\openjdk-19!\jdk.jshell;C:\Users\matheus.medeiros\.jdks\openjdk-19!\jdk.jsobject;C:\Users\matheus.medeiros\.jdks\openjdk-19!\jdk.jstatd;C:\Users\matheus.medeiros\.jdks\openjdk-19!\jdk.localedata;C:\Users\matheus.medeiros\.jdks\openjdk-19!\jdk.management;C:\Users\matheus.medeiros\.jdks\openjdk-19!\jdk.management.agent;C:\Users\matheus.medeiros\.jdks\openjdk-19!\jdk.management.jfr;C:\Users\matheus.medeiros\.jdks\openjdk-19!\jdk.naming.dns;C:\Users\matheus.medeiros\.jdks\openjdk-19!\jdk.naming.rmi;C:\Users\matheus.medeiros\.jdks\openjdk-19!\jdk.net;C:\Users\matheus.medeiros\.jdks\openjdk-19!\jdk.nio.mapmode;C:\Users\matheus.medeiros\.jdks\openjdk-19!\jdk.random;C:\Users\matheus.medeiros\.jdks\openjdk-19!\jdk.sctp;C:\Users\matheus.medeiros\.jdks\openjdk-19!\jdk.security.auth;C:\Users\matheus.medeiros\.jdks\openjdk-19!\jdk.security.jgss;C:\Users\matheus.medeiros\.jdks\openjdk-19!\jdk.unsupported;C:\Users\matheus.medeiros\.jdks\openjdk-19!\jdk.unsupported.desktop;C:\Users\matheus.medeiros\.jdks\openjdk-19!\jdk.xml.dom;C:\Users\matheus.medeiros\.jdks\openjdk-19!\jdk.zipfs;C:\Program Files\JetBrains\IntelliJ IDEA 2022.2.3\lib\ant\lib\ant.jar;C:\Program Files\JetBrains\IntelliJ IDEA 2022.2.3\lib\idea_rt.jar" />
    <property name="java.vm.vendor" value="Oracle Corporation" />
    <property name="sun.arch.data.model" value="64" />
    <property name="user.variant" value="" />
    <property name="java.vendor.url" value="https://java.oracle.com/" />
    <property name="source.dir" value="C:\Users\matheus.medeiros\Documents\WorkSpace\Java\ExercicioHumbertoRocha\src" />
    <property name="ant.file.type.Sample Project" value="file" />
    <property name="os.name" value="Windows 10" />
    <property name="java.vm.specification.version" value="19" />
    <property name="sun.java.launcher" value="SUN_STANDARD" />
    <property name="user.country" value="BR" />
    <property name="sun.boot.library.path" value="C:\Users\matheus.medeiros\.jdks\openjdk-19\bin" />
    <property name="sun.java.command" value="com.intellij.rt.ant.execution.AntMain2 -logger com.intellij.rt.ant.execution.IdeaAntLogger2 -inputhandler com.intellij.rt.ant.execution.IdeaInputHandler -buildfile C:\Users\matheus.medeiros\Documents\WorkSpace\Java\ExercicioHumbertoRocha\build.xml" />
    <property name="jdk.debug" value="release" />
    <property name="sun.cpu.endian" value="little" />
    <property name="test.dir" value="test" />
    <property name="user.home" value="C:\Users\matheus.medeiros" />
    <property name="user.language" value="pt" />
    <property name="sun.stderr.encoding" value="UTF-8" />
    <property name="java.specification.vendor" value="Oracle Corporation" />
    <property name="java.version.date" value="2022-09-20" />
    <property name="java.home" value="C:\Users\matheus.medeiros\.jdks\openjdk-19" />
    <property name="file.separator" value="\" />
    <property name="basedir" value="C:\Users\matheus.medeiros\Documents\WorkSpace\Java\ExercicioHumbertoRocha" />
    <property name="java.vm.compressedOopsMode" value="32-bit" />
    <property name="line.separator" value="&#xd;&#xa;" />
    <property name="sun.stdout.encoding" value="UTF-8" />
    <property name="ant.java.version" value="19" />
    <property name="java.vm.specification.vendor" value="Oracle Corporation" />
    <property name="java.specification.name" value="Java Platform API Specification" />
    <property name="doc.dir" value="C:\Users\matheus.medeiros\Documents\WorkSpace\Java\ExercicioHumbertoRocha\doc" />
    <property name="user.script" value="" />
    <property name="sun.management.compiler" value="HotSpot 64-Bit Tiered Compilers" />
    <property name="java.runtime.version" value="19+36-2238" />
    <property name="testreport.dir" value="test" />
    <property name="user.name" value="matheus.medeiros" />
    <property name="ant.file" value="C:\Users\matheus.medeiros\Documents\WorkSpace\Java\ExercicioHumbertoRocha\build.xml" />
    <property name="stdout.encoding" value="UTF-8" />
    <property name="path.separator" value=";" />
    <property name="os.version" value="10.0" />
    <property name="java.runtime.name" value="OpenJDK Runtime Environment" />
    <property name="file.encoding" value="UTF-8" />
    <property name="ant.project.invoked-targets" value="main" />
    <property name="java.vm.name" value="OpenJDK 64-Bit Server VM" />
    <property name="ant.core.lib" value="C:\Program Files\JetBrains\IntelliJ IDEA 2022.2.3\lib\ant\lib\ant.jar" />
    <property name="build.dir" value="C:\Users\matheus.medeiros\Documents\WorkSpace\Java\ExercicioHumbertoRocha\bin" />
    <property name="java.vendor.url.bug" value="https://bugreport.java.com/bugreport/" />
    <property name="java.io.tmpdir" value="C:\Users\MATHEU~1.MED\AppData\Local\Temp\" />
    <property name="ant.file.Sample Project" value="C:\Users\matheus.medeiros\Documents\WorkSpace\Java\ExercicioHumbertoRocha\build.xml" />
    <property name="java.version" value="19" />
    <property name="user.dir" value="C:\Users\matheus.medeiros\Documents\WorkSpace\Java\ExercicioHumbertoRocha" />
    <property name="os.arch" value="amd64" />
    <property name="java.vm.specification.name" value="Java Virtual Machine Specification" />
    <property name="ant.home" value="C:\Program Files\JetBrains\IntelliJ IDEA 2022.2.3\lib\ant" />
    <property name="sun.os.patch.level" value="" />
    <property name="native.encoding" value="Cp1252" />
    <property name="ant.version" value="Apache Ant(TM) version 1.10.5 compiled on July 10 2018" />
    <property name="java.library.path" value="C:\Users\matheus.medeiros\.jdks\openjdk-19\bin;C:\windows\Sun\Java\bin;C:\windows\system32;C:\windows;C:\Program Files\Common Files\Oracle\Java\javapath;C:\Program Files (x86)\Common Files\Oracle\Java\javapath;C:\windows\system32;C:\windows;C:\windows\System32\Wbem;C:\windows\System32\WindowsPowerShell\v1.0\;C:\windows\System32\OpenSSH\;C:\Program Files\Java\jdk-19\bin;C:\Program Files\nodejs\;C:\Program Files\Git\cmd;C:\Users\matheus.medeiros\AppData\Roaming\npm\node_modules\chromedriver\lib\chromedriver;C:\Users\matheus.medeiros\AppData\Local\Microsoft\WindowsApps;C:\Users\matheus.medeiros\AppData\Local\Programs\Microsoft VS Code\bin;C:\Program Files\JetBrains\IntelliJ IDEA Educational Edition 2022.2\bin;;C:\Users\matheus.medeiros\AppData\Roaming\npm;C:\Program Files\JetBrains\IntelliJ IDEA 2022.2.3\bin;;C:\Users\matheus.medeiros\AppData\Local\GitHubDesktop\bin;." />
    <property name="java.vm.info" value="mixed mode, sharing" />
    <property name="stderr.encoding" value="UTF-8" />
    <property name="java.vendor" value="Oracle Corporation" />
    <property name="java.vm.version" value="19+36-2238" />
    <property name="sun.io.unicode.encoding" value="UnicodeLittle" />
    <property name="java.class.version" value="63.0" />
    <property name="ant.project.default-target" value="main" />
  </properties>
  <error message="org/junit/internal/MethodSorter$1" type="java.lang.NoClassDefFoundError">java.lang.NoClassDefFoundError: org/junit/internal/MethodSorter$1
	at java.base/jdk.internal.reflect.DirectMethodHandleAccessor.invoke(DirectMethodHandleAccessor.java:104)
	at java.base/jdk.internal.reflect.DirectMethodHandleAccessor.invoke(DirectMethodHandleAccessor.java:104)
	at com.intellij.rt.ant.execution.AntMain2.main(AntMain2.java:31)
	at java.base/java.lang.ClassLoader.loadClass(ClassLoader.java:521)
</error>
  <system-out><![CDATA[]]></system-out>
  <system-err><![CDATA[]]></system-err>
</testsuite>
